<?xml version="1.0" encoding="UTF-8"?>
<testsuite xmlns:xsi="http://www.w3.org/2001/XMLSchema-instance" xsi:noNamespaceSchemaLocation="https://maven.apache.org/surefire/maven-surefire-plugin/xsd/surefire-test-report-3.0.xsd" version="3.0" name="runners.TestRunner" time="16.431" tests="2" errors="0" skipped="0" failures="0">
  <properties>
[...]
</properties>
  <testcase name="Login Positive - Successfully Login with Valid Credentials" classname="Login Functionallity Test" time="8.225">
    <system-out><![CDATA[You logged into a secure area!
×
]]></system-out>
  </testcase>
  <testcase name="Login Negative - Failed Login with Invalid Credentials" classname="Login Functionallity Test" time="7.505"/>
</testsuite>